Traceback (most recent call last):
  File "/home/codespace/.local/lib/python3.12/site-packages/jupyter_core/utils/__init__.py", line 154, in wrapped
    asyncio.get_running_loop()
RuntimeError: no running event loop

During handling of the above exception, another exception occurred:

Traceback (most recent call last):
  File "/usr/local/python/3.12.1/lib/python3.12/site-packages/jupyter_cache/executors/utils.py", line 58, in single_nb_execution
    executenb(
  File "/home/codespace/.local/lib/python3.12/site-packages/nbclient/client.py", line 1319, in execute
    return NotebookClient(nb=nb, resources=resources, km=km, **kwargs).execute()
           ^^^^^^^^^^^^^^^^^^^^^^^^^^^^^^^^^^^^^^^^^^^^^^^^^^^^^^^^^^^^^^^^^^^^^
  File "/home/codespace/.local/lib/python3.12/site-packages/jupyter_core/utils/__init__.py", line 158, in wrapped
    return loop.run_until_complete(inner)
           ^^^^^^^^^^^^^^^^^^^^^^^^^^^^^^
  File "/usr/local/python/3.12.1/lib/python3.12/asyncio/base_events.py", line 684, in run_until_complete
    return future.result()
           ^^^^^^^^^^^^^^^
  File "/home/codespace/.local/lib/python3.12/site-packages/nbclient/client.py", line 709, in async_execute
    await self.async_execute_cell(
  File "/home/codespace/.local/lib/python3.12/site-packages/nbclient/client.py", line 1062, in async_execute_cell
    await self._check_raise_for_error(cell, cell_index, exec_reply)
  File "/home/codespace/.local/lib/python3.12/site-packages/nbclient/client.py", line 918, in _check_raise_for_error
    raise CellExecutionError.from_cell_and_msg(cell, exec_reply_content)
nbclient.exceptions.CellExecutionError: An error occurred while executing the following cell:
------------------
project/
│
├── data/                           # Folder data suara mentah
│   ├── user1/
│   │   ├── buka/                   # Contoh perintah "buka" dari user1
│   │   └── tutup/                  # Contoh perintah "tutup" dari user1
│   ├── user2/
│   └── voice_dataset.csv           # Metadata hasil ekstraksi fitur suara
│
├── models/                         # Model hasil pelatihan (tersimpan .pkl)
│   ├── feature_cols.pkl            # Kolom fitur yang digunakan saat training
│   ├── status_model.pkl            # Model klasifikasi status (buka/tutup)
│   └── user_model.pkl              # Model klasifikasi pengguna (user1/user2)
│
├── utils/
│   ├── __init__.py                 # Penanda folder Python package
│   ├── feature_extraction.py       # Fungsi ekstraksi fitur audio (MFCC, Zero-Cross, dll.)
│   └── feature_extraction.py              # 🔥 Fungsi utama: training, evaluasi, dan prediksi model
│
├── app.py                          # Aplikasi utama (misal Streamlit / Flask)
├── generate_dataset.py             # Membuat CSV dataset dari folder suara mentah
├── train_model.py                  # Melatih model utama (status + user)
├── train_status.py                 # Melatih model pengenalan status buka/tutup
├── train_user.py                   # Melatih model pengenalan user (speaker)
├── requirements.txt                # Daftar library Python yang dibutuhkan
└── README.md                       # Dokumentasi proyek

------------------


  [36mCell[39m[36m [39m[32mIn[1][39m[32m, line 2[39m
[31m    [39m[31m│[39m
    ^
[31mSyntaxError[39m[31m:[39m invalid character '│' (U+2502)


